{"/Archivos/REST/cervezas/spec/specs.js":{"path":"/Archivos/REST/cervezas/spec/specs.js","s":{"1":1,"2":1,"3":1,"4":1,"5":1,"6":1,"7":1,"8":1},"b":{},"f":{},"fnMap":{},"statementMap":{"1":{"start":{"line":1,"column":0},"end":{"line":1,"column":35}},"2":{"start":{"line":2,"column":0},"end":{"line":2,"column":67}},"3":{"start":{"line":3,"column":0},"end":{"line":3,"column":30}},"4":{"start":{"line":4,"column":0},"end":{"line":10,"column":3}},"5":{"start":{"line":11,"column":0},"end":{"line":11,"column":30}},"6":{"start":{"line":12,"column":0},"end":{"line":12,"column":25}},"7":{"start":{"line":13,"column":0},"end":{"line":13,"column":44}},"8":{"start":{"line":14,"column":0},"end":{"line":14,"column":18}}},"branchMap":{}},"/Archivos/REST/cervezas/spec/index.spec.js":{"path":"/Archivos/REST/cervezas/spec/index.spec.js","s":{"1":1,"2":1,"3":1,"4":1,"5":1,"6":1,"7":1,"8":1,"9":1,"10":1,"11":1,"12":1,"13":1,"14":1,"15":1,"16":1,"17":1,"18":1,"19":1,"20":1,"21":1,"22":1,"23":1,"24":1,"25":1,"26":1,"27":1,"28":1,"29":1,"30":1,"31":1,"32":1,"33":1,"34":1,"35":1,"36":1,"37":1,"38":1,"39":1,"40":1,"41":1,"42":1,"43":1,"44":1,"45":1,"46":1,"47":1,"48":1,"49":1,"50":1,"51":1,"52":1,"53":1,"54":1,"55":1},"b":{},"f":{"1":1,"2":1,"3":1,"4":1,"5":1,"6":1,"7":1,"8":1,"9":1,"10":1,"11":1,"12":1,"13":1,"14":1,"15":1,"16":1},"fnMap":{"1":{"name":"(anonymous_1)","line":4,"loc":{"start":{"line":4,"column":26},"end":{"line":4,"column":37}}},"2":{"name":"(anonymous_2)","line":6,"loc":{"start":{"line":6,"column":50},"end":{"line":6,"column":65}}},"3":{"name":"(anonymous_3)","line":21,"loc":{"start":{"line":21,"column":36},"end":{"line":21,"column":52}}},"4":{"name":"(anonymous_4)","line":29,"loc":{"start":{"line":29,"column":68},"end":{"line":29,"column":84}}},"5":{"name":"(anonymous_5)","line":38,"loc":{"start":{"line":38,"column":67},"end":{"line":38,"column":83}}},"6":{"name":"(anonymous_6)","line":47,"loc":{"start":{"line":47,"column":69},"end":{"line":47,"column":85}}},"7":{"name":"(anonymous_7)","line":56,"loc":{"start":{"line":56,"column":72},"end":{"line":56,"column":88}}},"8":{"name":"(anonymous_8)","line":65,"loc":{"start":{"line":65,"column":72},"end":{"line":65,"column":88}}},"9":{"name":"(anonymous_9)","line":74,"loc":{"start":{"line":74,"column":70},"end":{"line":74,"column":86}}},"10":{"name":"(anonymous_10)","line":83,"loc":{"start":{"line":83,"column":73},"end":{"line":83,"column":89}}},"11":{"name":"(anonymous_11)","line":92,"loc":{"start":{"line":92,"column":62},"end":{"line":92,"column":77}}},"12":{"name":"(anonymous_12)","line":99,"loc":{"start":{"line":99,"column":50},"end":{"line":99,"column":65}}},"13":{"name":"(anonymous_13)","line":106,"loc":{"start":{"line":106,"column":60},"end":{"line":106,"column":75}}},"14":{"name":"(anonymous_14)","line":113,"loc":{"start":{"line":113,"column":74},"end":{"line":113,"column":89}}},"15":{"name":"(anonymous_15)","line":120,"loc":{"start":{"line":120,"column":73},"end":{"line":120,"column":88}}},"16":{"name":"(anonymous_16)","line":127,"loc":{"start":{"line":127,"column":78},"end":{"line":127,"column":93}}}},"statementMap":{"1":{"start":{"line":1,"column":0},"end":{"line":1,"column":31}},"2":{"start":{"line":2,"column":0},"end":{"line":2,"column":37}},"3":{"start":{"line":4,"column":0},"end":{"line":134,"column":3}},"4":{"start":{"line":6,"column":4},"end":{"line":11,"column":7}},"5":{"start":{"line":7,"column":8},"end":{"line":7,"column":36}},"6":{"start":{"line":8,"column":8},"end":{"line":10,"column":31}},"7":{"start":{"line":13,"column":4},"end":{"line":20,"column":6}},"8":{"start":{"line":21,"column":4},"end":{"line":27,"column":7}},"9":{"start":{"line":22,"column":8},"end":{"line":22,"column":36}},"10":{"start":{"line":23,"column":8},"end":{"line":26,"column":31}},"11":{"start":{"line":29,"column":4},"end":{"line":35,"column":7}},"12":{"start":{"line":30,"column":8},"end":{"line":30,"column":36}},"13":{"start":{"line":31,"column":8},"end":{"line":34,"column":31}},"14":{"start":{"line":38,"column":4},"end":{"line":45,"column":7}},"15":{"start":{"line":39,"column":8},"end":{"line":39,"column":31}},"16":{"start":{"line":40,"column":8},"end":{"line":40,"column":36}},"17":{"start":{"line":41,"column":8},"end":{"line":44,"column":31}},"18":{"start":{"line":47,"column":4},"end":{"line":54,"column":7}},"19":{"start":{"line":48,"column":8},"end":{"line":48,"column":31}},"20":{"start":{"line":49,"column":8},"end":{"line":49,"column":36}},"21":{"start":{"line":50,"column":8},"end":{"line":53,"column":31}},"22":{"start":{"line":56,"column":4},"end":{"line":63,"column":7}},"23":{"start":{"line":57,"column":8},"end":{"line":57,"column":42}},"24":{"start":{"line":58,"column":8},"end":{"line":58,"column":36}},"25":{"start":{"line":59,"column":8},"end":{"line":62,"column":31}},"26":{"start":{"line":65,"column":4},"end":{"line":72,"column":7}},"27":{"start":{"line":66,"column":8},"end":{"line":66,"column":51}},"28":{"start":{"line":67,"column":8},"end":{"line":67,"column":36}},"29":{"start":{"line":68,"column":8},"end":{"line":71,"column":31}},"30":{"start":{"line":74,"column":4},"end":{"line":81,"column":7}},"31":{"start":{"line":75,"column":8},"end":{"line":75,"column":49}},"32":{"start":{"line":76,"column":8},"end":{"line":76,"column":36}},"33":{"start":{"line":77,"column":8},"end":{"line":80,"column":31}},"34":{"start":{"line":83,"column":4},"end":{"line":90,"column":7}},"35":{"start":{"line":84,"column":8},"end":{"line":84,"column":52}},"36":{"start":{"line":85,"column":8},"end":{"line":85,"column":36}},"37":{"start":{"line":86,"column":8},"end":{"line":89,"column":31}},"38":{"start":{"line":92,"column":4},"end":{"line":97,"column":7}},"39":{"start":{"line":93,"column":8},"end":{"line":93,"column":36}},"40":{"start":{"line":94,"column":8},"end":{"line":96,"column":31}},"41":{"start":{"line":99,"column":4},"end":{"line":104,"column":7}},"42":{"start":{"line":100,"column":8},"end":{"line":100,"column":36}},"43":{"start":{"line":101,"column":8},"end":{"line":103,"column":31}},"44":{"start":{"line":106,"column":4},"end":{"line":111,"column":7}},"45":{"start":{"line":107,"column":8},"end":{"line":107,"column":36}},"46":{"start":{"line":108,"column":8},"end":{"line":110,"column":31}},"47":{"start":{"line":113,"column":4},"end":{"line":118,"column":7}},"48":{"start":{"line":114,"column":8},"end":{"line":114,"column":36}},"49":{"start":{"line":115,"column":8},"end":{"line":117,"column":31}},"50":{"start":{"line":120,"column":4},"end":{"line":125,"column":7}},"51":{"start":{"line":121,"column":8},"end":{"line":121,"column":36}},"52":{"start":{"line":122,"column":8},"end":{"line":124,"column":31}},"53":{"start":{"line":127,"column":4},"end":{"line":132,"column":7}},"54":{"start":{"line":128,"column":8},"end":{"line":128,"column":36}},"55":{"start":{"line":129,"column":8},"end":{"line":131,"column":31}}},"branchMap":{}},"/Archivos/REST/cervezas/app.js":{"path":"/Archivos/REST/cervezas/app.js","s":{"1":1,"2":1,"3":1,"4":1,"5":1,"6":1,"7":1,"8":1,"9":1,"10":1,"11":1,"12":1,"13":1,"14":8,"15":8,"16":6,"17":8,"18":31,"19":8,"20":8,"21":1,"22":7,"23":6,"24":1,"25":1,"26":1,"27":1,"28":1,"29":1,"30":2,"31":5,"32":2,"33":2,"34":1,"35":1,"36":1,"37":2,"38":2,"39":2,"40":2,"41":0,"42":2,"43":2,"44":2,"45":0,"46":1,"47":1,"48":1,"49":1,"50":1,"51":1,"52":1},"b":{"1":[1,1],"2":[6,2],"3":[8,2,2,2,2,2],"4":[1,7],"5":[6,1],"6":[1,1],"7":[0,2]},"f":{"1":1,"2":8,"3":31,"4":1,"5":2,"6":5,"7":2,"8":2,"9":1,"10":1},"fnMap":{"1":{"name":"(anonymous_1)","line":40,"loc":{"start":{"line":40,"column":13},"end":{"line":40,"column":33}}},"2":{"name":"(anonymous_2)","line":45,"loc":{"start":{"line":45,"column":19},"end":{"line":45,"column":39}}},"3":{"name":"(anonymous_3)","line":60,"loc":{"start":{"line":60,"column":45},"end":{"line":60,"column":63}}},"4":{"name":"(anonymous_4)","line":78,"loc":{"start":{"line":78,"column":18},"end":{"line":78,"column":38}}},"5":{"name":"(anonymous_5)","line":83,"loc":{"start":{"line":83,"column":22},"end":{"line":83,"column":42}}},"6":{"name":"(anonymous_6)","line":84,"loc":{"start":{"line":84,"column":38},"end":{"line":84,"column":56}}},"7":{"name":"(anonymous_7)","line":104,"loc":{"start":{"line":104,"column":31},"end":{"line":104,"column":51}}},"8":{"name":"(anonymous_8)","line":105,"loc":{"start":{"line":105,"column":38},"end":{"line":105,"column":56}}},"9":{"name":"(anonymous_9)","line":136,"loc":{"start":{"line":136,"column":21},"end":{"line":136,"column":41}}},"10":{"name":"(anonymous_10)","line":153,"loc":{"start":{"line":153,"column":17},"end":{"line":153,"column":29}}}},"statementMap":{"1":{"start":{"line":1,"column":0},"end":{"line":1,"column":33}},"2":{"start":{"line":2,"column":0},"end":{"line":2,"column":36}},"3":{"start":{"line":4,"column":0},"end":{"line":4,"column":20}},"4":{"start":{"line":6,"column":0},"end":{"line":6,"column":40}},"5":{"start":{"line":7,"column":0},"end":{"line":7,"column":51}},"6":{"start":{"line":8,"column":0},"end":{"line":8,"column":27}},"7":{"start":{"line":9,"column":0},"end":{"line":9,"column":33}},"8":{"start":{"line":10,"column":0},"end":{"line":10,"column":31}},"9":{"start":{"line":13,"column":0},"end":{"line":38,"column":2}},"10":{"start":{"line":40,"column":0},"end":{"line":43,"column":3}},"11":{"start":{"line":41,"column":4},"end":{"line":41,"column":54}},"12":{"start":{"line":42,"column":4},"end":{"line":42,"column":32}},"13":{"start":{"line":45,"column":0},"end":{"line":76,"column":3}},"14":{"start":{"line":46,"column":4},"end":{"line":46,"column":32}},"15":{"start":{"line":48,"column":4},"end":{"line":58,"column":5}},"16":{"start":{"line":57,"column":8},"end":{"line":57,"column":31}},"17":{"start":{"line":60,"column":4},"end":{"line":62,"column":7}},"18":{"start":{"line":61,"column":8},"end":{"line":61,"column":42}},"19":{"start":{"line":64,"column":4},"end":{"line":64,"column":54}},"20":{"start":{"line":66,"column":4},"end":{"line":75,"column":5}},"21":{"start":{"line":67,"column":8},"end":{"line":67,"column":78}},"22":{"start":{"line":69,"column":8},"end":{"line":74,"column":9}},"23":{"start":{"line":70,"column":12},"end":{"line":70,"column":69}},"24":{"start":{"line":72,"column":12},"end":{"line":72,"column":45}},"25":{"start":{"line":73,"column":12},"end":{"line":73,"column":55}},"26":{"start":{"line":78,"column":0},"end":{"line":81,"column":3}},"27":{"start":{"line":79,"column":4},"end":{"line":79,"column":54}},"28":{"start":{"line":80,"column":4},"end":{"line":80,"column":32}},"29":{"start":{"line":83,"column":0},"end":{"line":101,"column":3}},"30":{"start":{"line":84,"column":4},"end":{"line":86,"column":7}},"31":{"start":{"line":85,"column":8},"end":{"line":85,"column":43}},"32":{"start":{"line":87,"column":4},"end":{"line":87,"column":54}},"33":{"start":{"line":88,"column":4},"end":{"line":100,"column":5}},"34":{"start":{"line":90,"column":8},"end":{"line":90,"column":78}},"35":{"start":{"line":94,"column":8},"end":{"line":99,"column":10}},"36":{"start":{"line":104,"column":0},"end":{"line":132,"column":3}},"37":{"start":{"line":105,"column":4},"end":{"line":107,"column":7}},"38":{"start":{"line":106,"column":8},"end":{"line":106,"column":43}},"39":{"start":{"line":108,"column":4},"end":{"line":108,"column":54}},"40":{"start":{"line":109,"column":4},"end":{"line":131,"column":5}},"41":{"start":{"line":111,"column":8},"end":{"line":111,"column":78}},"42":{"start":{"line":119,"column":8},"end":{"line":130,"column":15}},"43":{"start":{"line":121,"column":16},"end":{"line":121,"column":125}},"44":{"start":{"line":122,"column":16},"end":{"line":126,"column":19}},"45":{"start":{"line":129,"column":16},"end":{"line":129,"column":102}},"46":{"start":{"line":136,"column":0},"end":{"line":151,"column":3}},"47":{"start":{"line":137,"column":4},"end":{"line":137,"column":54}},"48":{"start":{"line":138,"column":4},"end":{"line":149,"column":5}},"49":{"start":{"line":150,"column":4},"end":{"line":150,"column":25}},"50":{"start":{"line":153,"column":0},"end":{"line":155,"column":3}},"51":{"start":{"line":154,"column":4},"end":{"line":154,"column":51}},"52":{"start":{"line":157,"column":0},"end":{"line":157,"column":21}}},"branchMap":{"1":{"line":2,"type":"binary-expr","locations":[{"start":{"line":2,"column":11},"end":{"line":2,"column":27}},{"start":{"line":2,"column":31},"end":{"line":2,"column":35}}]},"2":{"line":48,"type":"if","locations":[{"start":{"line":48,"column":4},"end":{"line":48,"column":4}},{"start":{"line":48,"column":4},"end":{"line":48,"column":4}}]},"3":{"line":49,"type":"binary-expr","locations":[{"start":{"line":49,"column":8},"end":{"line":49,"column":39}},{"start":{"line":50,"column":11},"end":{"line":50,"column":44}},{"start":{"line":51,"column":11},"end":{"line":51,"column":47}},{"start":{"line":52,"column":11},"end":{"line":52,"column":47}},{"start":{"line":53,"column":11},"end":{"line":53,"column":45}},{"start":{"line":54,"column":11},"end":{"line":54,"column":48}}]},"4":{"line":66,"type":"if","locations":[{"start":{"line":66,"column":4},"end":{"line":66,"column":4}},{"start":{"line":66,"column":4},"end":{"line":66,"column":4}}]},"5":{"line":69,"type":"if","locations":[{"start":{"line":69,"column":8},"end":{"line":69,"column":8}},{"start":{"line":69,"column":8},"end":{"line":69,"column":8}}]},"6":{"line":88,"type":"if","locations":[{"start":{"line":88,"column":4},"end":{"line":88,"column":4}},{"start":{"line":88,"column":4},"end":{"line":88,"column":4}}]},"7":{"line":109,"type":"if","locations":[{"start":{"line":109,"column":4},"end":{"line":109,"column":4}},{"start":{"line":109,"column":4},"end":{"line":109,"column":4}}]}}}}