TN:
SF:/Archivos/REST/cervezas/spec/specs.js
FNF:0
FNH:0
DA:1,1
DA:2,1
DA:3,1
DA:4,1
DA:11,1
DA:12,1
DA:13,1
DA:14,1
LF:8
LH:8
BRF:0
BRH:0
end_of_record
TN:
SF:/Archivos/REST/cervezas/spec/index.spec.js
FN:4,(anonymous_1)
FN:6,(anonymous_2)
FN:21,(anonymous_3)
FN:29,(anonymous_4)
FN:38,(anonymous_5)
FN:47,(anonymous_6)
FN:56,(anonymous_7)
FN:65,(anonymous_8)
FN:74,(anonymous_9)
FN:83,(anonymous_10)
FN:92,(anonymous_11)
FN:99,(anonymous_12)
FN:106,(anonymous_13)
FN:113,(anonymous_14)
FN:120,(anonymous_15)
FN:127,(anonymous_16)
FNF:16
FNH:16
FNDA:1,(anonymous_1)
FNDA:1,(anonymous_2)
FNDA:1,(anonymous_3)
FNDA:1,(anonymous_4)
FNDA:1,(anonymous_5)
FNDA:1,(anonymous_6)
FNDA:1,(anonymous_7)
FNDA:1,(anonymous_8)
FNDA:1,(anonymous_9)
FNDA:1,(anonymous_10)
FNDA:1,(anonymous_11)
FNDA:1,(anonymous_12)
FNDA:1,(anonymous_13)
FNDA:1,(anonymous_14)
FNDA:1,(anonymous_15)
FNDA:1,(anonymous_16)
DA:1,1
DA:2,1
DA:4,1
DA:6,1
DA:7,1
DA:8,1
DA:13,1
DA:21,1
DA:22,1
DA:23,1
DA:29,1
DA:30,1
DA:31,1
DA:38,1
DA:39,1
DA:40,1
DA:41,1
DA:47,1
DA:48,1
DA:49,1
DA:50,1
DA:56,1
DA:57,1
DA:58,1
DA:59,1
DA:65,1
DA:66,1
DA:67,1
DA:68,1
DA:74,1
DA:75,1
DA:76,1
DA:77,1
DA:83,1
DA:84,1
DA:85,1
DA:86,1
DA:92,1
DA:93,1
DA:94,1
DA:99,1
DA:100,1
DA:101,1
DA:106,1
DA:107,1
DA:108,1
DA:113,1
DA:114,1
DA:115,1
DA:120,1
DA:121,1
DA:122,1
DA:127,1
DA:128,1
DA:129,1
LF:55
LH:55
BRF:0
BRH:0
end_of_record
TN:
SF:/Archivos/REST/cervezas/app.js
FN:40,(anonymous_1)
FN:45,(anonymous_2)
FN:60,(anonymous_3)
FN:78,(anonymous_4)
FN:83,(anonymous_5)
FN:84,(anonymous_6)
FN:104,(anonymous_7)
FN:105,(anonymous_8)
FN:136,(anonymous_9)
FN:153,(anonymous_10)
FNF:10
FNH:10
FNDA:1,(anonymous_1)
FNDA:8,(anonymous_2)
FNDA:31,(anonymous_3)
FNDA:1,(anonymous_4)
FNDA:2,(anonymous_5)
FNDA:5,(anonymous_6)
FNDA:2,(anonymous_7)
FNDA:2,(anonymous_8)
FNDA:1,(anonymous_9)
FNDA:1,(anonymous_10)
DA:1,1
DA:2,1
DA:4,1
DA:6,1
DA:7,1
DA:8,1
DA:9,1
DA:10,1
DA:13,1
DA:40,1
DA:41,1
DA:42,1
DA:45,1
DA:46,8
DA:48,8
DA:57,6
DA:60,8
DA:61,31
DA:64,8
DA:66,8
DA:67,1
DA:69,7
DA:70,6
DA:72,1
DA:73,1
DA:78,1
DA:79,1
DA:80,1
DA:83,1
DA:84,2
DA:85,5
DA:87,2
DA:88,2
DA:90,1
DA:94,1
DA:104,1
DA:105,2
DA:106,2
DA:108,2
DA:109,2
DA:111,0
DA:119,2
DA:121,2
DA:122,2
DA:129,0
DA:136,1
DA:137,1
DA:138,1
DA:150,1
DA:153,1
DA:154,1
DA:157,1
LF:52
LH:50
BRDA:2,1,0,1
BRDA:2,1,1,1
BRDA:48,2,0,6
BRDA:48,2,1,2
BRDA:49,3,0,8
BRDA:49,3,1,2
BRDA:49,3,2,2
BRDA:49,3,3,2
BRDA:49,3,4,2
BRDA:49,3,5,2
BRDA:66,4,0,1
BRDA:66,4,1,7
BRDA:69,5,0,6
BRDA:69,5,1,1
BRDA:88,6,0,1
BRDA:88,6,1,1
BRDA:109,7,0,0
BRDA:109,7,1,2
BRF:18
BRH:17
end_of_record
